#
# There is insufficient memory for the Java Runtime Environment to continue.
# Native memory allocation (mmap) failed to map 65536 bytes. Error detail: Failed to commit metaspace.
# Possible reasons:
#   The system is out of physical RAM or swap space
#   This process is running with CompressedOops enabled, and the Java Heap may be blocking the growth of the native heap
# Possible solutions:
#   Reduce memory load on the system
#   Increase physical memory or swap space
#   Check if swap backing store is full
#   Decrease Java heap size (-Xmx/-Xms)
#   Decrease number of Java threads
#   Decrease Java thread stack sizes (-Xss)
#   Set larger code cache with -XX:ReservedCodeCacheSize=
#   JVM is running with Zero Based Compressed Oops mode in which the Java heap is
#     placed in the first 32GB address space. The Java Heap base address is the
#     maximum limit for the native heap growth. Please use -XX:HeapBaseMinAddress
#     to set the Java Heap base and to place the Java Heap above 32GB virtual address.
# This output file may be truncated or incomplete.
#
#  Out of Memory Error (virtualSpaceNode.cpp:112), pid=17480, tid=2212
#
# JRE version: OpenJDK Runtime Environment (21.0.3) (build 21.0.3+-12282718-b509.11)
# Java VM: OpenJDK 64-Bit Server VM (21.0.3+-12282718-b509.11, mixed mode, tiered, compressed oops, compressed class ptrs, g1 gc, windows-amd64)
# No core dump will be written. Minidumps are not enabled by default on client versions of Windows
#

---------------  S U M M A R Y ------------

Command Line: -Dapplication.home=D:\Softwares\Android Studio\jbr --add-modules=ALL-DEFAULT -Xms8m -Djdk.module.main=jdk.compiler jdk.compiler/com.sun.tools.javac.Main --system=none --patch-module=java.base=D:\Softwares\Sdk\platforms\android-34\core-for-system-modules.jar -d C:\Users\LENOVO\.gradle\caches\8.9\transforms\f4f045a45c2cf7353fe0cb9bbc35d4a9-55e64d59-a58a-4683-834b-5da9c6243dba\transformed\output\temp C:\Users\LENOVO\.gradle\caches\8.9\transforms\f4f045a45c2cf7353fe0cb9bbc35d4a9-55e64d59-a58a-4683-834b-5da9c6243dba\transformed\output\temp\module-info.java

Host: 11th Gen Intel(R) Core(TM) i7-1165G7 @ 2.80GHz, 8 cores, 23G,  Windows 11 , 64 bit Build 26100 (10.0.26100.2454)
Time: Fri Dec  6 17:35:06 2024 Bangladesh Standard Time elapsed time: 0.146534 seconds (0d 0h 0m 0s)

---------------  T H R E A D  ---------------

Current thread (0x0000022fa945b8b0):  JavaThread "main"             [_thread_in_vm, id=2212, stack(0x0000005634e00000,0x0000005634f00000) (1024K)]

Stack: [0x0000005634e00000,0x0000005634f00000]
Native frames: (J=compiled Java code, j=interpreted, Vv=VM code, C=native code)
V  [jvm.dll+0x6cafb9]
V  [jvm.dll+0x858523]
V  [jvm.dll+0x85aa7e]
V  [jvm.dll+0x85b163]
V  [jvm.dll+0x27d356]
V  [jvm.dll+0x8533fe]
V  [jvm.dll+0x66f385]
V  [jvm.dll+0x66f3ea]
V  [jvm.dll+0x671c46]
V  [jvm.dll+0x671b12]
V  [jvm.dll+0x66fd7e]
V  [jvm.dll+0x269b30]
V  [jvm.dll+0x21508b]
V  [jvm.dll+0x20a579]
V  [jvm.dll+0x5ad9c3]
V  [jvm.dll+0x21be6b]
V  [jvm.dll+0x7cff51]
V  [jvm.dll+0x7d1012]
V  [jvm.dll+0x7d15bf]
V  [jvm.dll+0x7d1268]
V  [jvm.dll+0x26c18b]
V  [jvm.dll+0x3d0d4e]
C  0x0000022fb5ecb27f

The last pc belongs to new (printed below).
Java frames: (J=compiled Java code, j=interpreted, Vv=VM code)
j  java.lang.invoke.InnerClassLambdaMetafactory.<clinit>()V+123 java.base@21.0.3
v  ~StubRoutines::call_stub 0x0000022fb5eb10e7
j  java.lang.invoke.LambdaMetafactory.metafactory(Ljava/lang/invoke/MethodHandles$Lookup;Ljava/lang/String;Ljava/lang/invoke/MethodType;Ljava/lang/invoke/MethodType;Ljava/lang/invoke/MethodHandle;Ljava/lang/invoke/MethodType;)Ljava/lang/invoke/CallSite;+0 java.base@21.0.3
j  java.lang.invoke.DirectMethodHandle$Holder.invokeStatic(Ljava/lang/Object;Ljava/lang/Object;Ljava/lang/Object;Ljava/lang/Object;Ljava/lang/Object;Ljava/lang/Object;Ljava/lang/Object;)Ljava/lang/Object;+20 java.base@21.0.3
j  java.lang.invoke.Invokers$Holder.invokeExact_MT(Ljava/lang/Object;Ljava/lang/Object;Ljava/lang/Object;Ljava/lang/Object;Ljava/lang/Object;Ljava/lang/Object;Ljava/lang/Object;Ljava/lang/Object;)Ljava/lang/Object;+28 java.base@21.0.3
j  java.lang.invoke.BootstrapMethodInvoker.invoke(Ljava/lang/Class;Ljava/lang/invoke/MethodHandle;Ljava/lang/String;Ljava/lang/Object;Ljava/lang/Object;Ljava/lang/Class;)Ljava/lang/Object;+319 java.base@21.0.3
j  java.lang.invoke.CallSite.makeSite(Ljava/lang/invoke/MethodHandle;Ljava/lang/String;Ljava/lang/invoke/MethodType;Ljava/lang/Object;Ljava/lang/Class;)Ljava/lang/invoke/CallSite;+8 java.base@21.0.3
j  java.lang.invoke.MethodHandleNatives.linkCallSiteImpl(Ljava/lang/Class;Ljava/lang/invoke/MethodHandle;Ljava/lang/String;Ljava/lang/invoke/MethodType;Ljava/lang/Object;[Ljava/lang/Object;)Ljava/lang/invoke/MemberName;+6 java.base@21.0.3
j  java.lang.invoke.MethodHandleNatives.linkCallSite(Ljava/lang/Object;Ljava/lang/Object;Ljava/lang/Object;Ljava/lang/Object;Ljava/lang/Object;[Ljava/lang/Object;)Ljava/lang/invoke/MemberName;+45 java.base@21.0.3
v  ~StubRoutines::call_stub 0x0000022fb5eb10e7
j  jdk.internal.module.DefaultRoots.compute(Ljava/lang/module/ModuleFinder;Ljava/lang/module/ModuleFinder;)Ljava/util/Set;+11 java.base@21.0.3
j  jdk.internal.module.ModuleBootstrap.boot2()Ljava/lang/ModuleLayer;+727 java.base@21.0.3
j  jdk.internal.module.ModuleBootstrap.boot()Ljava/lang/ModuleLayer;+64 java.base@21.0.3
j  java.lang.System.initPhase2(ZZ)I+0 java.base@21.0.3
v  ~StubRoutines::call_stub 0x0000022fb5eb10e7
new  187 new  [0x0000022fb5ecb100, 0x0000022fb5ecb308]  520 bytes
[MachCode]
  0x0000022fb5ecb100: 4883 ec08 | c5fa 1104 | 24eb 1f48 | 83ec 10c5 | fb11 0424 | eb14 4883 | ec10 4889 | 0424 48c7 
  0x0000022fb5ecb120: 4424 0800 | 0000 00eb | 0150 410f | b755 010f | cac1 ea10 | 488b 4de8 | 488b 4908 | 488b 4908 
  0x0000022fb5ecb140: 488b 4108 | 807c 1004 | 070f 85d3 | 0000 0066 | 8b54 d148 | 488b 4928 | 488b 4cd1 | 0851 80b9 
  0x0000022fb5ecb160: 4001 0000 | 050f 85b6 | 0000 008b | 5108 f6c2 | 010f 85aa | 0000 0049 | 8b87 b801 | 0000 488d 
  0x0000022fb5ecb180: 1c10 493b | 9fc8 0100 | 000f 8792 | 0000 0049 | 899f b801 | 0000 4883 | ea10 0f84 | 0f00 0000 
  0x0000022fb5ecb1a0: 33c9 c1ea | 0348 894c | d008 48ff | ca75 f648 | c700 0100 | 0000 5933 | f689 700c | 49ba 0000 
  0x0000022fb5ecb1c0: 0000 0800 | 0000 492b | ca89 4808 | 49ba 0196 | f4ea ff7f | 0000 4180 | 3a00 0f84 | 3c00 0000 
  0x0000022fb5ecb1e0: 5048 8bc8 | 4883 ec20 | 40f6 c40f | 0f84 1900 | 0000 4883 | ec08 48b8 | b01d afea | ff7f 0000 
  0x0000022fb5ecb200: ffd0 4883 | c408 e90c | 0000 0048 | b8b0 1daf | eaff 7f00 | 00ff d048 | 83c4 2058 | e9cb 0000 
  0x0000022fb5ecb220: 0059 488b | 55e8 488b | 5208 488b | 5208 450f | b745 0141 | 0fc8 41c1 | e810 e805 | 0000 00e9 
  0x0000022fb5ecb240: a800 0000 | 488d 4424 | 084c 896d | c049 8bcf | c5f8 7749 | 89af a803 | 0000 4989 | 8798 0300 
  0x0000022fb5ecb260: 0048 83ec | 2040 f6c4 | 0f0f 8419 | 0000 0048 | 83ec 0848 | b800 0d79 | eaff 7f00 | 00ff d048 
  0x0000022fb5ecb280: 83c4 08e9 | 0c00 0000 | 48b8 000d | 79ea ff7f | 0000 ffd0 | 4883 c420 | 49c7 8798 | 0300 0000 
  0x0000022fb5ecb2a0: 0000 0049 | c787 a803 | 0000 0000 | 0000 49c7 | 87a0 0300 | 0000 0000 | 00c5 f877 | 4983 7f08 
  0x0000022fb5ecb2c0: 000f 8405 | 0000 00e9 | 345c feff | 498b 87f0 | 0300 0049 | c787 f003 | 0000 0000 | 0000 4c8b 
  0x0000022fb5ecb2e0: 6dc0 4c8b | 75c8 4e8d | 74f5 00c3 | 410f b65d | 0349 83c5 | 0349 baf0 | 5af7 eaff | 7f00 0041 
  0x0000022fb5ecb300: ff24 da0f | 1f44 0000 
[/MachCode]

---------------  P R O C E S S  ---------------

Threads class SMR info:
_java_thread_list=0x0000022fc7e5df30, length=9, elements={
0x0000022fa945b8b0, 0x0000022fcc137080, 0x0000022fcc13bb10, 0x0000022fcc13c180,
0x0000022fcc13c7f0, 0x0000022fcc13d470, 0x0000022fcc147970, 0x0000022fcc14f160,
0x0000022fcc165790
}

Java Threads: ( => current thread )
=>0x0000022fa945b8b0 JavaThread "main"                              [_thread_in_vm, id=2212, stack(0x0000005634e00000,0x0000005634f00000) (1024K)]
  0x0000022fcc137080 JavaThread "Reference Handler"          daemon [_thread_blocked, id=9692, stack(0x0000005635600000,0x0000005635700000) (1024K)]
  0x0000022fcc13bb10 JavaThread "Finalizer"                  daemon [_thread_blocked, id=5460, stack(0x0000005635700000,0x0000005635800000) (1024K)]
  0x0000022fcc13c180 JavaThread "Signal Dispatcher"          daemon [_thread_blocked, id=5532, stack(0x0000005635800000,0x0000005635900000) (1024K)]
  0x0000022fcc13c7f0 JavaThread "Attach Listener"            daemon [_thread_blocked, id=12284, stack(0x0000005635900000,0x0000005635a00000) (1024K)]
  0x0000022fcc13d470 JavaThread "Service Thread"             daemon [_thread_blocked, id=5444, stack(0x0000005635a00000,0x0000005635b00000) (1024K)]
  0x0000022fcc147970 JavaThread "Monitor Deflation Thread"   daemon [_thread_blocked, id=16412, stack(0x0000005635b00000,0x0000005635c00000) (1024K)]
  0x0000022fcc14f160 JavaThread "C2 CompilerThread0"         daemon [_thread_blocked, id=16088, stack(0x0000005635c00000,0x0000005635d00000) (1024K)]
  0x0000022fcc165790 JavaThread "C1 CompilerThread0"         daemon [_thread_blocked, id=6484, stack(0x0000005635d00000,0x0000005635e00000) (1024K)]
Total: 9

Other Threads:
  0x0000022fc7e284e0 VMThread "VM Thread"                           [id=648, stack(0x0000005635500000,0x0000005635600000) (1024K)]
  0x0000022fc7d91190 WatcherThread "VM Periodic Task Thread"        [id=8508, stack(0x0000005635400000,0x0000005635500000) (1024K)]
  0x0000022fab8b5680 WorkerThread "GC Thread#0"                     [id=10208, stack(0x0000005634f00000,0x0000005635000000) (1024K)]
  0x0000022fab8c2780 ConcurrentGCThread "G1 Main Marker"            [id=15372, stack(0x0000005635000000,0x0000005635100000) (1024K)]
  0x0000022fab8c4ca0 WorkerThread "G1 Conc#0"                       [id=10220, stack(0x0000005635100000,0x0000005635200000) (1024K)]
  0x0000022fab8f4c90 ConcurrentGCThread "G1 Refine#0"               [id=3424, stack(0x0000005635200000,0x0000005635300000) (1024K)]
  0x0000022fab8f52b0 ConcurrentGCThread "G1 Service"                [id=19768, stack(0x0000005635300000,0x0000005635400000) (1024K)]
Total: 7

Threads with active compile tasks:
Total: 0

VM state: not at safepoint (normal execution)

VM Mutex/Monitor currently owned by a thread:  ([mutex/lock_event])
[0x00007fffeaf5fec8] Metaspace_lock - owner thread: 0x0000022fa945b8b0

Heap address: 0x0000000683400000, size: 6092 MB, Compressed Oops mode: Zero based, Oop shift amount: 3

CDS archive(s) not mapped
Compressed class space mapped at: 0x0000000800000000-0x0000000840000000, reserved size: 1073741824
Narrow klass base: 0x0000000800000000, Narrow klass shift: 0, Narrow klass range: 0x40000000

GC Precious Log:
 CardTable entry size: 512
 Card Set container configuration: InlinePtr #cards 4 size 8 Array Of Cards #cards 32 size 80 Howl #buckets 8 coarsen threshold 7372 Howl Bitmap #cards 1024 size 144 coarsen threshold 921 Card regions per heap region 1 cards per card region 8192
 CPUs: 8 total, 8 available
 Memory: 24359M
 Large Page Support: Disabled
 NUMA Support: Disabled
 Compressed Oops: Enabled (Zero based)
 Heap Region Size: 4M
 Heap Min Capacity: 8M
 Heap Initial Capacity: 8M
 Heap Max Capacity: 6092M
 Pre-touch: Disabled
 Parallel Workers: 8
 Concurrent Workers: 2
 Concurrent Refinement Workers: 8
 Periodic GC: Disabled

Heap:
 garbage-first heap   total 8192K, used 0K [0x0000000683400000, 0x0000000800000000)
  region size 4096K, 1 young (4096K), 0 survivors (0K)
 Metaspace       used 4878K, committed 5056K, reserved 1114112K
  class space    used 397K, committed 512K, reserved 1048576K

Heap Regions: E=young(eden), S=young(survivor), O=old, HS=humongous(starts), HC=humongous(continues), CS=collection set, F=free, TAMS=top-at-mark-start, PB=parsable bottom
|   0|0x0000000683400000, 0x0000000683400000, 0x0000000683800000|  0%| F|  |TAMS 0x0000000683400000| PB 0x0000000683400000| Untracked 
|   1|0x0000000683800000, 0x00000006838cdf70, 0x0000000683c00000| 20%| E|  |TAMS 0x0000000683800000| PB 0x0000000683800000| Complete 

Card table byte_map: [0x0000022fbe8a0000,0x0000022fbf490000] _byte_map_base: 0x0000022fbb486000

Marking Bits: (CMBitMap*) 0x0000022fab8b5d80
 Bits: [0x0000022fbf490000, 0x0000022fc53c0000)

Polling page: 0x0000022fa9720000

Metaspace:

Usage:
  Non-class:      4.38 MB used.
      Class:    397.77 KB used.
       Both:      4.76 MB used.

Virtual space:
  Non-class space:       64.00 MB reserved,       4.44 MB (  7%) committed,  1 nodes.
      Class space:        1.00 GB reserved,     512.00 KB ( <1%) committed,  1 nodes.
             Both:        1.06 GB reserved,       4.94 MB ( <1%) committed. 

Chunk freelists:
   Non-Class:  11.00 MB
       Class:  15.56 MB
        Both:  26.56 MB

MaxMetaspaceSize: unlimited
CompressedClassSpaceSize: 1.00 GB
Initial GC threshold: 21.00 MB
Current GC threshold: 21.00 MB
CDS: off
 - commit_granule_bytes: 65536.
 - commit_granule_words: 8192.
 - virtual_space_node_default_size: 8388608.
 - enlarge_chunks_in_place: 1.
 - use_allocation_guard: 0.


Internal statistics:

num_allocs_failed_limit: 0.
num_arena_births: 4.
num_arena_deaths: 0.
num_vsnodes_births: 2.
num_vsnodes_deaths: 0.
num_space_committed: 79.
num_space_uncommitted: 0.
num_chunks_returned_to_freelist: 0.
num_chunks_taken_from_freelist: 8.
num_chunk_merges: 0.
num_chunk_splits: 4.
num_chunks_enlarged: 1.
num_inconsistent_stats: 0.

CodeHeap 'non-profiled nmethods': size=120000Kb used=18Kb max_used=18Kb free=119981Kb
 bounds [0x0000022fb6450000, 0x0000022fb66c0000, 0x0000022fbd980000]
CodeHeap 'profiled nmethods': size=120000Kb used=58Kb max_used=58Kb free=119941Kb
 bounds [0x0000022fae980000, 0x0000022faebf0000, 0x0000022fb5eb0000]
CodeHeap 'non-nmethods': size=5760Kb used=1310Kb max_used=1310Kb free=4449Kb
 bounds [0x0000022fb5eb0000, 0x0000022fb6120000, 0x0000022fb6450000]
 total_blobs=410 nmethods=54 adapters=261
 compilation: enabled
              stopped_count=0, restarted_count=0
 full_count=0

Compilation events (20 events):
Event: 0.102 Thread 0x0000022fcc165790   29       1       java.lang.module.ModuleReference::descriptor (5 bytes)
Event: 0.102 Thread 0x0000022fcc165790 nmethod 29 0x0000022fb6450a10 code [0x0000022fb6450ba0, 0x0000022fb6450c70]
Event: 0.106 Thread 0x0000022fcc165790   30       3       java.util.ImmutableCollections$SetN$SetNIterator::hasNext (13 bytes)
Event: 0.106 Thread 0x0000022fcc165790 nmethod 30 0x0000022fae989b10 code [0x0000022fae989ca0, 0x0000022fae989e08]
Event: 0.106 Thread 0x0000022fcc165790   32       3       jdk.internal.misc.Unsafe::getReferenceAcquire (7 bytes)
Event: 0.107 Thread 0x0000022fcc165790 nmethod 32 0x0000022fae989e90 code [0x0000022fae98a020, 0x0000022fae98a190]
Event: 0.107 Thread 0x0000022fcc165790   31       3       java.util.concurrent.ConcurrentHashMap::tabAt (22 bytes)
Event: 0.107 Thread 0x0000022fcc165790 nmethod 31 0x0000022fae98a210 code [0x0000022fae98a3c0, 0x0000022fae98a6b0]
Event: 0.107 Thread 0x0000022fcc165790   35   !   3       java.util.concurrent.ConcurrentHashMap::putVal (432 bytes)
Event: 0.109 Thread 0x0000022fcc165790 nmethod 35 0x0000022fae98a790 code [0x0000022fae98ab20, 0x0000022fae98c680]
Event: 0.109 Thread 0x0000022fcc165790   36       3       java.util.ImmutableCollections$SetN$SetNIterator::next (90 bytes)
Event: 0.109 Thread 0x0000022fcc165790 nmethod 36 0x0000022fae98d010 code [0x0000022fae98d1e0, 0x0000022fae98d4e8]
Event: 0.109 Thread 0x0000022fcc165790   34       3       java.util.concurrent.ConcurrentHashMap::addCount (280 bytes)
Event: 0.110 Thread 0x0000022fcc165790 nmethod 34 0x0000022fae98d690 code [0x0000022fae98d8e0, 0x0000022fae98e230]
Event: 0.140 Thread 0x0000022fcc165790   47       1       java.lang.Enum::ordinal (5 bytes)
Event: 0.140 Thread 0x0000022fcc165790 nmethod 47 0x0000022fb6453310 code [0x0000022fb64534a0, 0x0000022fb6453568]
Event: 0.142 Thread 0x0000022fcc165790   51       3       java.util.concurrent.ConcurrentHashMap::putIfAbsent (8 bytes)
Event: 0.142 Thread 0x0000022fcc165790 nmethod 51 0x0000022fae98e510 code [0x0000022fae98e6c0, 0x0000022fae98e800]
Event: 0.142 Thread 0x0000022fcc165790   52       1       java.lang.invoke.MethodType::returnType (5 bytes)
Event: 0.142 Thread 0x0000022fcc165790 nmethod 52 0x0000022fb6454010 code [0x0000022fb64541a0, 0x0000022fb6454270]

GC Heap History (0 events):
No events

Dll operation events (2 events):
Event: 0.007 Loaded shared library D:\Softwares\Android Studio\jbr\bin\java.dll
Event: 0.011 Loaded shared library D:\Softwares\Android Studio\jbr\bin\zip.dll

Deoptimization events (0 events):
No events

Classes loaded (20 events):
Event: 0.140 Loading class java/lang/Module$ReflectionData done
Event: 0.140 Loading class java/lang/WeakPairMap
Event: 0.140 Loading class java/lang/WeakPairMap done
Event: 0.140 Loading class java/lang/WeakPairMap$Pair
Event: 0.140 Loading class java/lang/WeakPairMap$Pair done
Event: 0.140 Loading class java/lang/WeakPairMap$Pair$Lookup
Event: 0.140 Loading class java/lang/WeakPairMap$Pair$Lookup done
Event: 0.141 Loading class java/util/function/Predicate
Event: 0.141 Loading class java/util/function/Predicate done
Event: 0.141 Loading class java/lang/invoke/BootstrapMethodInvoker
Event: 0.141 Loading class java/lang/invoke/BootstrapMethodInvoker done
Event: 0.142 Loading class java/lang/invoke/InnerClassLambdaMetafactory
Event: 0.142 Loading class java/lang/invoke/AbstractValidatingLambdaMetafactory
Event: 0.143 Loading class java/lang/invoke/AbstractValidatingLambdaMetafactory done
Event: 0.143 Loading class java/lang/invoke/InnerClassLambdaMetafactory done
Event: 0.143 Loading class sun/security/action/GetBooleanAction
Event: 0.143 Loading class sun/security/action/GetBooleanAction done
Event: 0.143 Loading class jdk/internal/org/objectweb/asm/Handle
Event: 0.143 Loading class jdk/internal/org/objectweb/asm/Handle done
Event: 0.143 Loading class jdk/internal/org/objectweb/asm/ConstantDynamic

Classes unloaded (0 events):
No events

Classes redefined (0 events):
No events

Internal exceptions (0 events):
No events

ZGC Phase Switch (0 events):
No events

VM Operations (0 events):
No events

Events (9 events):
Event: 0.011 Thread 0x0000022fa945b8b0 Thread added: 0x0000022fa945b8b0
Event: 0.073 Thread 0x0000022fcc137080 Thread added: 0x0000022fcc137080
Event: 0.074 Thread 0x0000022fcc13bb10 Thread added: 0x0000022fcc13bb10
Event: 0.075 Thread 0x0000022fcc13c180 Thread added: 0x0000022fcc13c180
Event: 0.075 Thread 0x0000022fcc13c7f0 Thread added: 0x0000022fcc13c7f0
Event: 0.075 Thread 0x0000022fcc13d470 Thread added: 0x0000022fcc13d470
Event: 0.075 Thread 0x0000022fcc147970 Thread added: 0x0000022fcc147970
Event: 0.075 Thread 0x0000022fcc14f160 Thread added: 0x0000022fcc14f160
Event: 0.075 Thread 0x0000022fcc165790 Thread added: 0x0000022fcc165790


Dynamic libraries:
0x00007ff7d22a0000 - 0x00007ff7d22a8000 	D:\Softwares\Android Studio\jbr\bin\javac.exe
0x00007ff82e400000 - 0x00007ff82e663000 	C:\WINDOWS\SYSTEM32\ntdll.dll
0x00007ff82d580000 - 0x00007ff82d648000 	C:\WINDOWS\System32\KERNEL32.DLL
0x00007ff82b890000 - 0x00007ff82bc42000 	C:\WINDOWS\System32\KERNELBASE.dll
0x00007ff82c110000 - 0x00007ff82c25b000 	C:\WINDOWS\System32\ucrtbase.dll
0x00007ff824e50000 - 0x00007ff824e68000 	D:\Softwares\Android Studio\jbr\bin\jli.dll
0x00007ff8264f0000 - 0x00007ff82650b000 	D:\Softwares\Android Studio\jbr\bin\VCRUNTIME140.dll
0x00007ff82c810000 - 0x00007ff82c9d8000 	C:\WINDOWS\System32\USER32.dll
0x00007ff817f20000 - 0x00007ff8181b0000 	C:\WINDOWS\WinSxS\amd64_microsoft.windows.common-controls_6595b64144ccf1df_6.0.26100.2454_none_3e0b68a2e331ad60\COMCTL32.dll
0x00007ff82be10000 - 0x00007ff82be37000 	C:\WINDOWS\System32\win32u.dll
0x00007ff82ced0000 - 0x00007ff82cf79000 	C:\WINDOWS\System32\msvcrt.dll
0x00007ff82c2d0000 - 0x00007ff82c2fa000 	C:\WINDOWS\System32\GDI32.dll
0x00007ff82bce0000 - 0x00007ff82be0b000 	C:\WINDOWS\System32\gdi32full.dll
0x00007ff82c060000 - 0x00007ff82c103000 	C:\WINDOWS\System32\msvcp_win.dll
0x00007ff82c520000 - 0x00007ff82c54f000 	C:\WINDOWS\System32\IMM32.DLL
0x00007ff8226c0000 - 0x00007ff8226cc000 	D:\Softwares\Android Studio\jbr\bin\vcruntime140_1.dll
0x00007ffff5460000 - 0x00007ffff54ed000 	D:\Softwares\Android Studio\jbr\bin\msvcp140.dll
0x00007fffea3c0000 - 0x00007fffeb03d000 	D:\Softwares\Android Studio\jbr\bin\server\jvm.dll
0x00007ff82cf80000 - 0x00007ff82d034000 	C:\WINDOWS\System32\ADVAPI32.dll
0x00007ff82e310000 - 0x00007ff82e3b6000 	C:\WINDOWS\System32\sechost.dll
0x00007ff82e1f0000 - 0x00007ff82e306000 	C:\WINDOWS\System32\RPCRT4.dll
0x00007ff82c5b0000 - 0x00007ff82c624000 	C:\WINDOWS\System32\WS2_32.dll
0x00007ff82b660000 - 0x00007ff82b6ae000 	C:\WINDOWS\SYSTEM32\POWRPROF.dll
0x00007ff827f80000 - 0x00007ff827fb6000 	C:\WINDOWS\SYSTEM32\WINMM.dll
0x00007ff820e80000 - 0x00007ff820e8b000 	C:\WINDOWS\SYSTEM32\VERSION.dll
0x00007ff82b640000 - 0x00007ff82b654000 	C:\WINDOWS\SYSTEM32\UMPDC.dll
0x00007ff82a610000 - 0x00007ff82a62a000 	C:\WINDOWS\SYSTEM32\kernel.appcore.dll
0x00007ff8226b0000 - 0x00007ff8226ba000 	D:\Softwares\Android Studio\jbr\bin\jimage.dll
0x00007ff828f10000 - 0x00007ff829151000 	C:\WINDOWS\SYSTEM32\DBGHELP.DLL
0x00007ff82d0e0000 - 0x00007ff82d45e000 	C:\WINDOWS\System32\combase.dll
0x00007ff82d4a0000 - 0x00007ff82d576000 	C:\WINDOWS\System32\OLEAUT32.dll
0x00007ff827f40000 - 0x00007ff827f79000 	C:\WINDOWS\SYSTEM32\dbgcore.DLL
0x00007ff82be40000 - 0x00007ff82bed9000 	C:\WINDOWS\System32\bcryptPrimitives.dll
0x00007ff8211c0000 - 0x00007ff8211df000 	D:\Softwares\Android Studio\jbr\bin\java.dll
0x00007ff820c30000 - 0x00007ff820c48000 	D:\Softwares\Android Studio\jbr\bin\zip.dll
0x00007ff82d9f0000 - 0x00007ff82e0f0000 	C:\WINDOWS\System32\SHELL32.dll
0x00007ff8294b0000 - 0x00007ff829ce1000 	C:\WINDOWS\SYSTEM32\windows.storage.dll
0x00007ff82e100000 - 0x00007ff82e1da000 	C:\WINDOWS\System32\SHCORE.dll
0x00007ff82c260000 - 0x00007ff82c2bd000 	C:\WINDOWS\System32\shlwapi.dll
0x00007ff82b6e0000 - 0x00007ff82b70e000 	C:\WINDOWS\SYSTEM32\profapi.dll

dbghelp: loaded successfully - version: 4.0.5 - missing functions: none
symbol engine: initialized successfully - sym options: 0x614 - pdb path: .;D:\Softwares\Android Studio\jbr\bin;C:\WINDOWS\SYSTEM32;C:\WINDOWS\WinSxS\amd64_microsoft.windows.common-controls_6595b64144ccf1df_6.0.26100.2454_none_3e0b68a2e331ad60;D:\Softwares\Android Studio\jbr\bin\server

VM Arguments:
jvm_args: -Dapplication.home=D:\Softwares\Android Studio\jbr --add-modules=ALL-DEFAULT -Xms8m -Djdk.module.main=jdk.compiler 
java_command: jdk.compiler/com.sun.tools.javac.Main --system=none --patch-module=java.base=D:\Softwares\Sdk\platforms\android-34\core-for-system-modules.jar -d C:\Users\LENOVO\.gradle\caches\8.9\transforms\f4f045a45c2cf7353fe0cb9bbc35d4a9-55e64d59-a58a-4683-834b-5da9c6243dba\transformed\output\temp C:\Users\LENOVO\.gradle\caches\8.9\transforms\f4f045a45c2cf7353fe0cb9bbc35d4a9-55e64d59-a58a-4683-834b-5da9c6243dba\transformed\output\temp\module-info.java
java_class_path (initial): <not set>
Launcher Type: SUN_STANDARD

[Global flags]
     intx CICompilerCount                          = 4                                         {product} {ergonomic}
     uint ConcGCThreads                            = 2                                         {product} {ergonomic}
     uint G1ConcRefinementThreads                  = 8                                         {product} {ergonomic}
   size_t G1HeapRegionSize                         = 4194304                                   {product} {ergonomic}
    uintx GCDrainStackTargetSize                   = 64                                        {product} {ergonomic}
   size_t InitialHeapSize                          = 8388608                                   {product} {command line}
   size_t MarkStackSize                            = 4194304                                   {product} {ergonomic}
   size_t MaxHeapSize                              = 6387924992                                {product} {ergonomic}
   size_t MaxNewSize                               = 3829399552                                {product} {ergonomic}
   size_t MinHeapDeltaBytes                        = 4194304                                   {product} {ergonomic}
   size_t MinHeapSize                              = 8388608                                   {product} {command line}
    uintx NonNMethodCodeHeapSize                   = 5839372                                {pd product} {ergonomic}
    uintx NonProfiledCodeHeapSize                  = 122909434                              {pd product} {ergonomic}
    uintx ProfiledCodeHeapSize                     = 122909434                              {pd product} {ergonomic}
    uintx ReservedCodeCacheSize                    = 251658240                              {pd product} {ergonomic}
     bool SegmentedCodeCache                       = true                                      {product} {ergonomic}
   size_t SoftMaxHeapSize                          = 6387924992                             {manageable} {ergonomic}
     bool UseCompressedOops                        = true                           {product lp64_product} {ergonomic}
     bool UseG1GC                                  = true                                      {product} {ergonomic}
     bool UseLargePagesIndividualAllocation        = false                                  {pd product} {ergonomic}

Logging:
Log output configuration:
 #0: stdout all=warning uptime,level,tags foldmultilines=false
 #1: stderr all=off uptime,level,tags foldmultilines=false

Environment Variables:
PATH=C:\WINDOWS\system32;C:\WINDOWS;C:\WINDOWS\System32\Wbem;C:\WINDOWS\System32\WindowsPowerShell\v1.0\;C:\WINDOWS\System32\OpenSSH\;D:\Softwares\Git\cmd;D:\Softwares\Sdk\platform-tools;C:\Users\LENOVO\AppData\Local\Microsoft\WindowsApps;D:\Softwares\Sdk\platform-tools;
USERNAME=LENOVO
OS=Windows_NT
PROCESSOR_IDENTIFIER=Intel64 Family 6 Model 140 Stepping 1, GenuineIntel
TMP=C:\Users\LENOVO\AppData\Local\Temp
TEMP=C:\Users\LENOVO\AppData\Local\Temp




Periodic native trim disabled

JNI global refs:
JNI global refs: 5, weak refs: 0

JNI global refs memory usage: 835, weak refs: 201

Process memory usage:
Resident Set Size: 32368K (0% of 24943928K total physical memory with 500960K free physical memory)

OOME stack traces (most recent first):
Classloader memory used:
Loader bootstrap                                                                       : 4878K

---------------  S Y S T E M  ---------------

OS:
 Windows 11 , 64 bit Build 26100 (10.0.26100.2454)
OS uptime: 11 days 7:10 hours
Hyper-V role detected

CPU: total 8 (initial active 8) (4 cores per cpu, 2 threads per core) family 6 model 140 stepping 1 microcode 0xaa, cx8, cmov, fxsr, ht, mmx, 3dnowpref, sse, sse2, sse3, ssse3, sse4.1, sse4.2, popcnt, lzcnt, tsc, tscinvbit, avx, avx2, aes, erms, clmul, bmi1, bmi2, adx, avx512f, avx512dq, avx512cd, avx512bw, avx512vl, sha, fma, vzeroupper, avx512_vpopcntdq, avx512_vpclmulqdq, avx512_vaes, avx512_vnni, clflush, clflushopt, clwb, avx512_vbmi2, avx512_vbmi, hv, rdtscp, rdpid, fsrm, gfni, avx512_bitalg, f16c, cet_ibt, cet_ss, avx512_ifma
Processor Information for all 8 processors :
  Max Mhz: 2803, Current Mhz: 2803, Mhz Limit: 2803

Memory: 4k page, system-wide physical 24359M (486M free)
TotalPageFile size 35098M (AvailPageFile size 2M)
current process WorkingSet (physical memory assigned to process): 31M, peak: 31M
current process commit charge ("private bytes"): 78M, peak: 79M

vm_info: OpenJDK 64-Bit Server VM (21.0.3+-12282718-b509.11) for windows-amd64 JRE (21.0.3+-12282718-b509.11), built on 2024-08-27T17:34:15Z by "builder" with MS VC++ 16.10 / 16.11 (VS2019)

END.
